Created by PLY version 3.11 (http://www.dabeaz.com/ply)

Unused terminals:

    PRINT
    CALLABLE
    DECLARE
    EXTENDS
    ENDDECLARE
    CLONE
    NAMESPACE
    ENDWHILE
    TRAIT
    INSTEADOF
    GOTO
    THROW
    VAR
    EXIT
    ABSTRACT
    __HALT_COMPILER
    CONTINUE
    DIE
    FOREACH
    TRY
    EVAL
    REQUIRE_ONCE
    COMMENTS_C99
    IMPLEMENTS
    APOSTROPHE
    COMMENTS
    ENDFOREACH
    HASHTAG
    LIST
    AS
    ENDFOR
    DOT_DOT
    USE
    INCLUDE_ONCE
    ENDIF
    CLOSETAGAL
    CATCH
    GLOBAL
    QUOTES
    STATIC
    ENDSWITCH
    INTERFACE
    MINUSEQUAL
    DOT
    EMPTY
    UNSET
    ISSET
    ARRAY
    PLUSEQUAL
    CONST
    XOR
    INSTANCEOF

Grammar

Rule 0     S' -> program
Rule 1     program -> OPENTAG declaration_list CLOSETAG
Rule 2     declaration_list -> declaration_list declaration
Rule 3     declaration_list -> declaration
Rule 4     declaration -> var_declaration
Rule 5     declaration -> fun_declaration
Rule 6     declaration -> area fun_declaration
Rule 7     declaration -> header_declaration
Rule 8     declaration -> class_declaration
Rule 9     declaration -> echo_stmt
Rule 10    declaration -> selection_stmt
Rule 11    declaration -> iteration_stmt
Rule 12    declaration -> typeclass
Rule 13    echo_stmt -> echo_stmt ECHO STRING SEMI
Rule 14    echo_stmt -> echo_stmt ECHO IDVAR SEMI
Rule 15    header_declaration -> REQUIRE LPAREN STRING RPAREN SEMI
Rule 16    header_declaration -> INCLUDE LPAREN STRING RPAREN SEMI
Rule 17    class_declaration -> area CLASS ID LBLOCK attribute RBLOCK
Rule 18    class_declaration -> CLASS ID LBLOCK attribute RBLOCK
Rule 19    attribute -> attribute area var_declaration
Rule 20    attribute -> area var_declaration
Rule 21    attribute -> attribute area fun_declaration
Rule 22    attribute -> area fun_declaration
Rule 23    area -> PRIVATE
Rule 24    area -> PUBLIC
Rule 25    area -> PROTECTED
Rule 26    var_declaration -> IDVAR SEMI var_declaration
Rule 27    var_declaration -> IDVAR SEMI
Rule 28    var_declaration -> TIMESTIMES IDVAR SEMI
Rule 29    var_declaration -> TIMESTIMES IDVAR SEMI var_declaration
Rule 30    var_declaration -> IDVAR EQUAL NUM SEMI var_declaration
Rule 31    var_declaration -> IDVAR EQUAL NUM SEMI
Rule 32    var_declaration -> IDVAR EQUAL boolean SEMI var_declaration
Rule 33    var_declaration -> IDVAR EQUAL boolean SEMI
Rule 34    var_declaration -> IDVAR EQUAL IDVAR SEMI var_declaration
Rule 35    var_declaration -> IDVAR EQUAL IDVAR SEMI
Rule 36    var_declaration -> AMPERSANT IDVAR SEMI var_declaration
Rule 37    var_declaration -> AMPERSANT IDVAR EQUAL IDVAR SEMI selection_stmt
Rule 38    var_declaration -> AMPERSANT IDVAR SEMI
Rule 39    var_declaration -> IDVAR EQUAL simple_expression SEMI
Rule 40    fun_declaration -> FUNCTION ID LPAREN params RPAREN
Rule 41    fun_declaration -> FUNCTION ID LPAREN params RPAREN compount_stmt
Rule 42    params -> param_list
Rule 43    params -> empty
Rule 44    param_list -> param_list COMMA param_list
Rule 45    param_list -> param
Rule 46    param -> IDVAR
Rule 47    param -> IDVAR LBRACKET RBRACKET
Rule 48    compount_stmt -> LBLOCK echo_stmt local_declarations echo_stmt statement_list echo_stmt RBLOCK
Rule 49    local_declarations -> local_declarations var_declaration
Rule 50    local_declarations -> empty
Rule 51    statement_list -> statement_list statement
Rule 52    statement_list -> empty
Rule 53    statement -> expression_stmt
Rule 54    statement -> compount_stmt
Rule 55    statement -> selection_stmt
Rule 56    statement -> iteration_stmt
Rule 57    statement -> return_stmt
Rule 58    statement -> class_declaration
Rule 59    statement -> echo_stmt
Rule 60    expression_stmt -> expression SEMI
Rule 61    selection_stmt -> IF LPAREN expression RPAREN statement
Rule 62    selection_stmt -> IF LPAREN expression RPAREN statement selection
Rule 63    selection -> ELSE statement
Rule 64    selection -> ELSEIF statement selection
Rule 65    selection_stmt -> SWITCH LPAREN var RPAREN statement
Rule 66    selection_stmt -> CASE NUM COLON statement BREAK SEMI
Rule 67    selection_stmt -> DEFAULT COLON statement BREAK SEMI
Rule 68    iteration_stmt -> FOR LPAREN var_declaration SEMI expression SEMI additive_expression RPAREN statement
Rule 69    iteration_stmt -> WHILE LPAREN expression RPAREN statement
Rule 70    iteration_stmt -> DO LBLOCK statement SEMI RBLOCK WHILE LPAREN expression RPAREN
Rule 71    return_stmt -> RETURN SEMI
Rule 72    return_stmt -> RETURN expression SEMI
Rule 73    expression -> var EQUAL expression
Rule 74    expression -> simple_expression
Rule 75    expression -> var EQUAL AMPERSANT IDVAR
Rule 76    expression -> expression AND expression
Rule 77    expression -> expression OR expression
Rule 78    var -> IDVAR
Rule 79    var -> IDVAR LBRACKET expression RBRACKET
Rule 80    simple_expression -> additive_expression relop additive_expression
Rule 81    simple_expression -> additive_expression
Rule 82    relop -> LESS
Rule 83    relop -> LESSEQUAL
Rule 84    relop -> GREATER
Rule 85    relop -> GREATEREQUAL
Rule 86    relop -> DEQUAL
Rule 87    relop -> DISTINT
Rule 88    relop -> ISEQUAL
Rule 89    additive_expression -> additive_expression addop term
Rule 90    additive_expression -> term
Rule 91    additive_expression -> term MINUSMINUS
Rule 92    additive_expression -> term PLUSPLUS
Rule 93    addop -> PLUS
Rule 94    addop -> MINUS
Rule 95    term -> term mulop factor
Rule 96    term -> factor
Rule 97    mulop -> TIMES
Rule 98    mulop -> DIVIDE
Rule 99    factor -> LPAREN expression RPAREN
Rule 100   factor -> var
Rule 101   factor -> NUM
Rule 102   factor -> boolean
Rule 103   factor -> IDVAR LPAREN args RPAREN
Rule 104   args -> args_list
Rule 105   args -> empty
Rule 106   args -> VOID
Rule 107   args_list -> args_list COMMA expression
Rule 108   args_list -> expression
Rule 109   boolean -> TRUE
Rule 110   boolean -> FALSE
Rule 111   typeclass -> ID IDVAR EQUAL NEW constructor SEMI
Rule 112   constructor -> ID LPAREN RPAREN
Rule 113   constructor -> ID LPAREN args RPAREN
Rule 114   empty -> <empty>

Terminals, with rules where they appear

ABSTRACT             : 
AMPERSANT            : 36 37 38 75
AND                  : 76
APOSTROPHE           : 
ARRAY                : 
AS                   : 
BREAK                : 66 67
CALLABLE             : 
CASE                 : 66
CATCH                : 
CLASS                : 17 18
CLONE                : 
CLOSETAG             : 1
CLOSETAGAL           : 
COLON                : 66 67
COMMA                : 44 107
COMMENTS             : 
COMMENTS_C99         : 
CONST                : 
CONTINUE             : 
DECLARE              : 
DEFAULT              : 67
DEQUAL               : 86
DIE                  : 
DISTINT              : 87
DIVIDE               : 98
DO                   : 70
DOT                  : 
DOT_DOT              : 
ECHO                 : 13 14
ELSE                 : 63
ELSEIF               : 64
EMPTY                : 
ENDDECLARE           : 
ENDFOR               : 
ENDFOREACH           : 
ENDIF                : 
ENDSWITCH            : 
ENDWHILE             : 
EQUAL                : 30 31 32 33 34 35 37 39 73 75 111
EVAL                 : 
EXIT                 : 
EXTENDS              : 
FALSE                : 110
FOR                  : 68
FOREACH              : 
FUNCTION             : 40 41
GLOBAL               : 
GOTO                 : 
GREATER              : 84
GREATEREQUAL         : 85
HASHTAG              : 
ID                   : 17 18 40 41 111 112 113
IDVAR                : 14 26 27 28 29 30 31 32 33 34 34 35 35 36 37 37 38 39 46 47 75 78 79 103 111
IF                   : 61 62
IMPLEMENTS           : 
INCLUDE              : 16
INCLUDE_ONCE         : 
INSTANCEOF           : 
INSTEADOF            : 
INTERFACE            : 
ISEQUAL              : 88
ISSET                : 
LBLOCK               : 17 18 48 70
LBRACKET             : 47 79
LESS                 : 82
LESSEQUAL            : 83
LIST                 : 
LPAREN               : 15 16 40 41 61 62 65 68 69 70 99 103 112 113
MINUS                : 94
MINUSEQUAL           : 
MINUSMINUS           : 91
NAMESPACE            : 
NEW                  : 111
NUM                  : 30 31 66 101
OPENTAG              : 1
OR                   : 77
PLUS                 : 93
PLUSEQUAL            : 
PLUSPLUS             : 92
PRINT                : 
PRIVATE              : 23
PROTECTED            : 25
PUBLIC               : 24
QUOTES               : 
RBLOCK               : 17 18 48 70
RBRACKET             : 47 79
REQUIRE              : 15
REQUIRE_ONCE         : 
RETURN               : 71 72
RPAREN               : 15 16 40 41 61 62 65 68 69 70 99 103 112 113
SEMI                 : 13 14 15 16 26 27 28 29 30 31 32 33 34 35 36 37 38 39 60 66 67 68 68 70 71 72 111
STATIC               : 
STRING               : 13 15 16
SWITCH               : 65
THROW                : 
TIMES                : 97
TIMESTIMES           : 28 29
TRAIT                : 
TRUE                 : 109
TRY                  : 
UNSET                : 
USE                  : 
VAR                  : 
VOID                 : 106
WHILE                : 69 70
XOR                  : 
__HALT_COMPILER      : 
error                : 

Nonterminals, with rules where they appear

additive_expression  : 68 80 80 81 89
addop                : 89
area                 : 6 17 19 20 21 22
args                 : 103 113
args_list            : 104 107
attribute            : 17 18 19 21
boolean              : 32 33 102
class_declaration    : 8 58
compount_stmt        : 41 54
constructor          : 111
declaration          : 2 3
declaration_list     : 1 2
echo_stmt            : 9 13 14 48 48 48 59
empty                : 43 50 52 105
expression           : 60 61 62 68 69 70 72 73 76 76 77 77 79 99 107 108
expression_stmt      : 53
factor               : 95 96
fun_declaration      : 5 6 21 22
header_declaration   : 7
iteration_stmt       : 11 56
local_declarations   : 48 49
mulop                : 95
param                : 45
param_list           : 42 44 44
params               : 40 41
program              : 0
relop                : 80
return_stmt          : 57
selection            : 62 64
selection_stmt       : 10 37 55
simple_expression    : 39 74
statement            : 51 61 62 63 64 65 66 67 68 69 70
statement_list       : 48 51
term                 : 89 90 91 92 95
typeclass            : 12
var                  : 65 73 75 100
var_declaration      : 4 19 20 26 29 30 32 34 36 49 68

